Flow report for LLEHDL
Thu Jul 09 14:27:19 2020
Quartus Prime Version 18.1.0 Build 625 09/12/2018 SJ Standard Edition


---------------------
; Table of Contents ;
---------------------
  1. Legal Notice
  2. Flow Summary
  3. Flow Settings
  4. Flow Non-Default Global Settings
  5. Flow Elapsed Time
  6. Flow OS Summary
  7. Flow Log
  8. Flow Messages
  9. Flow Suppressed Messages



----------------
; Legal Notice ;
----------------
Copyright (C) 2018  Intel Corporation. All rights reserved.
Your use of Intel Corporation's design tools, logic functions 
and other software and tools, and its AMPP partner logic 
functions, and any output files from any of the foregoing 
(including device programming or simulation files), and any 
associated documentation or information are expressly subject 
to the terms and conditions of the Intel Program License 
Subscription Agreement, the Intel Quartus Prime License Agreement,
the Intel FPGA IP License Agreement, or other applicable license
agreement, including, without limitation, that your use is for
the sole purpose of programming logic devices manufactured by
Intel and sold by Intel or its authorized distributors.  Please
refer to the applicable agreement for further details.



+--------------------------------------------------------------------------------------+
; Flow Summary                                                                         ;
+------------------------------------+-------------------------------------------------+
; Flow Status                        ; Successful - Thu Jul 09 14:27:19 2020           ;
; Quartus Prime Version              ; 18.1.0 Build 625 09/12/2018 SJ Standard Edition ;
; Revision Name                      ; LLEHDL                                          ;
; Top-level Entity Name              ; LLEHDL                                          ;
; Family                             ; Cyclone IV GX                                   ;
; Device                             ; EP4CGX150DF31C8                                 ;
; Timing Models                      ; Final                                           ;
; Total logic elements               ; 8,154 / 149,760 ( 5 % )                         ;
;     Total combinational functions  ; 5,405 / 149,760 ( 4 % )                         ;
;     Dedicated logic registers      ; 7,086 / 149,760 ( 5 % )                         ;
; Total registers                    ; 7086                                            ;
; Total pins                         ; 62 / 508 ( 12 % )                               ;
; Total virtual pins                 ; 0                                               ;
; Total memory bits                  ; 527,046 / 6,635,520 ( 8 % )                     ;
; Embedded Multiplier 9-bit elements ; 30 / 720 ( 4 % )                                ;
; Total GXB Receiver Channel PCS     ; 0 / 8 ( 0 % )                                   ;
; Total GXB Receiver Channel PMA     ; 0 / 8 ( 0 % )                                   ;
; Total GXB Transmitter Channel PCS  ; 0 / 8 ( 0 % )                                   ;
; Total GXB Transmitter Channel PMA  ; 0 / 8 ( 0 % )                                   ;
; Total PLLs                         ; 0 / 8 ( 0 % )                                   ;
+------------------------------------+-------------------------------------------------+


+-----------------------------------------+
; Flow Settings                           ;
+-------------------+---------------------+
; Option            ; Setting             ;
+-------------------+---------------------+
; Start date & time ; 07/09/2020 14:24:05 ;
; Main task         ; Compilation         ;
; Revision Name     ; LLEHDL              ;
+-------------------+---------------------+


+------------------------------------------------------------------------------------------------------------------------------+
; Flow Non-Default Global Settings                                                                                             ;
+--------------------------------------+----------------------------------------+---------------+-------------+----------------+
; Assignment Name                      ; Value                                  ; Default Value ; Entity Name ; Section Id     ;
+--------------------------------------+----------------------------------------+---------------+-------------+----------------+
; COMPILER_SIGNATURE_ID                ; 1098251700528.159427584510944          ; --            ; --          ; --             ;
; EDA_DESIGN_INSTANCE_NAME             ; NA                                     ; --            ; --          ; LLEHDL_tb      ;
; EDA_NATIVELINK_SIMULATION_TEST_BENCH ; LLEHDL_tb                              ; --            ; --          ; eda_simulation ;
; EDA_OUTPUT_DATA_FORMAT               ; Verilog Hdl                            ; --            ; --          ; eda_simulation ;
; EDA_SIMULATION_TOOL                  ; ModelSim (Verilog)                     ; <None>        ; --          ; --             ;
; EDA_TEST_BENCH_ENABLE_STATUS         ; TEST_BENCH_MODE                        ; --            ; --          ; eda_simulation ;
; EDA_TEST_BENCH_FILE                  ; LLEHDL_tb.v                            ; --            ; --          ; LLEHDL_tb      ;
; EDA_TEST_BENCH_MODULE_NAME           ; LLEHDL_tb                              ; --            ; --          ; LLEHDL_tb      ;
; EDA_TEST_BENCH_NAME                  ; LLEHDL_tb                              ; --            ; --          ; eda_simulation ;
; EDA_TIME_SCALE                       ; 1 ps                                   ; --            ; --          ; eda_simulation ;
; MAX_CORE_JUNCTION_TEMP               ; 85                                     ; --            ; --          ; --             ;
; MIN_CORE_JUNCTION_TEMP               ; 0                                      ; --            ; --          ; --             ;
; PARTITION_COLOR                      ; -- (Not supported for targeted family) ; --            ; --          ; Top            ;
; PARTITION_FITTER_PRESERVATION_LEVEL  ; -- (Not supported for targeted family) ; --            ; --          ; Top            ;
; PARTITION_NETLIST_TYPE               ; -- (Not supported for targeted family) ; --            ; --          ; Top            ;
; POWER_BOARD_THERMAL_MODEL            ; None (CONSERVATIVE)                    ; --            ; --          ; --             ;
; POWER_PRESET_COOLING_SOLUTION        ; 23 MM HEAT SINK WITH 200 LFPM AIRFLOW  ; --            ; --          ; --             ;
; PROJECT_OUTPUT_DIRECTORY             ; output_files                           ; --            ; --          ; --             ;
+--------------------------------------+----------------------------------------+---------------+-------------+----------------+


+--------------------------------------------------------------------------------------------------------------------------+
; Flow Elapsed Time                                                                                                        ;
+----------------------+--------------+-------------------------+---------------------+------------------------------------+
; Module Name          ; Elapsed Time ; Average Processors Used ; Peak Virtual Memory ; Total CPU Time (on all processors) ;
+----------------------+--------------+-------------------------+---------------------+------------------------------------+
; Analysis & Synthesis ; 00:00:49     ; 1.0                     ; 4992 MB             ; 00:01:01                           ;
; Fitter               ; 00:01:39     ; 1.1                     ; 5998 MB             ; 00:02:39                           ;
; Assembler            ; 00:00:08     ; 1.0                     ; 4794 MB             ; 00:00:06                           ;
; Timing Analyzer      ; 00:00:12     ; 1.4                     ; 5011 MB             ; 00:00:11                           ;
; EDA Netlist Writer   ; 00:00:11     ; 1.0                     ; 4820 MB             ; 00:00:11                           ;
; Total                ; 00:02:59     ; --                      ; --                  ; 00:04:08                           ;
+----------------------+--------------+-------------------------+---------------------+------------------------------------+


+------------------------------------------------------------------------------------+
; Flow OS Summary                                                                    ;
+----------------------+------------------+------------+------------+----------------+
; Module Name          ; Machine Hostname ; OS Name    ; OS Version ; Processor type ;
+----------------------+------------------+------------+------------+----------------+
; Analysis & Synthesis ; DESKTOP-K19M1DF  ; Windows 10 ; 10.0       ; x86_64         ;
; Fitter               ; DESKTOP-K19M1DF  ; Windows 10 ; 10.0       ; x86_64         ;
; Assembler            ; DESKTOP-K19M1DF  ; Windows 10 ; 10.0       ; x86_64         ;
; Timing Analyzer      ; DESKTOP-K19M1DF  ; Windows 10 ; 10.0       ; x86_64         ;
; EDA Netlist Writer   ; DESKTOP-K19M1DF  ; Windows 10 ; 10.0       ; x86_64         ;
+----------------------+------------------+------------+------------+----------------+


------------
; Flow Log ;
------------
quartus_map --read_settings_files=on --write_settings_files=off LLEHDL -c LLEHDL
quartus_fit --read_settings_files=off --write_settings_files=off LLEHDL -c LLEHDL
quartus_asm --read_settings_files=off --write_settings_files=off LLEHDL -c LLEHDL
quartus_sta LLEHDL -c LLEHDL
quartus_eda --read_settings_files=off --write_settings_files=off LLEHDL -c LLEHDL



